<?xml version="1.0" encoding="UTF-8"?>
<!-- Generated by org.testng.reporters.JUnitReportReporter -->
<testsuite hostname="DESKTOP-B4EGA60" failures="0" tests="1" name="tests.KeywordDrivenTest" time="4.534" errors="0" timestamp="2025-06-23T10:17:39 IST" skipped="0">
  <testcase classname="tests.KeywordDrivenTest" name="executeLoginTest" time="4.534"/>
  <system-out/>
</testsuite> <!-- tests.KeywordDrivenTest -->
